<?xml version="1.0" encoding="UTF-8"?>
<!-- Generated by org.testng.reporters.JUnitXMLReporter -->
<testsuite hostname="LAPTOP-0T08PU4H" ignored="2" name="Default test(failed)" tests="1" failures="0" timestamp="2022-08-20T08:34:07 IST" time="0.059" errors="0">
  <testcase name="method3" time="0.009" classname="testngpack.Methods"/>
  <testcase name="LoginActitime" time="0.0" classname="testngpack.Methods">
    <ignored/>
  </testcase> <!-- LoginActitime -->
  <testcase name="LogoutActitime" time="0.0" classname="testngpack.Methods">
    <ignored/>
  </testcase> <!-- LogoutActitime -->
</testsuite> <!-- Default test(failed) -->
