<?xml version="1.0" encoding="UTF-8"?>
<!-- Generated by org.testng.reporters.JUnitXMLReporter -->
<testsuite hostname="LAPTOP-0T08PU4H" ignored="0" name="Test1" tests="7" failures="1" timestamp="2022-08-19T11:14:19 IST" time="0.066" errors="0">
  <testcase name="method1" time="0.009" classname="testngpack.FirstTestngClass"/>
  <testcase name="method2" time="0.001" classname="testngpack.FirstTestngClass"/>
  <testcase name="method3" time="0.002" classname="testngpack.FirstTestngClass">
    <failure type="java.lang.ArithmeticException" message="/ by zero">
      <![CDATA[java.lang.ArithmeticException: / by zero
at testngpack.FirstTestngClass.method3(FirstTestngClass.java:25)
at java.util.ArrayList.forEach(Unknown Source)
... Removed 27 stack frames]]>
    </failure>
  </testcase> <!-- method3 -->
  <testcase name="method4" time="0.001" classname="testngpack.FirstTestngClass"/>
  <testcase name="method5" time="0.001" classname="testngpack.FirstTestngClass"/>
  <testcase name="sumoMethod" time="0.001" classname="testngpack.Sumo"/>
  <testcase name="remoMethod" time="0.001" classname="testngpack.Remo"/>
</testsuite> <!-- Test1 -->
