<?xml version="1.0" encoding="UTF-8"?>
<!-- Generated by org.testng.reporters.JUnitXMLReporter -->
<testsuite hostname="LAPTOP-0T08PU4H" ignored="0" name="Testparallelclass" tests="4" failures="4" timestamp="2022-08-23T23:00:08 IST" time="0.059" errors="0">
  <testcase name="f" time="0.009" classname="testngpack.Class3">
    <failure type="java.lang.NullPointerException">
      <![CDATA[java.lang.NullPointerException
at testngpack.Class3.f(Class3.java:12)
at java.util.concurrent.ThreadPoolExecutor.runWorker(Unknown Source)
at java.util.concurrent.ThreadPoolExecutor$Worker.run(Unknown Source)
at java.lang.Thread.run(Unknown Source)
... Removed 12 stack frames]]>
    </failure>
  </testcase> <!-- f -->
  <testcase name="f" time="0.009" classname="testngpack.Class4">
    <failure type="java.lang.NullPointerException">
      <![CDATA[java.lang.NullPointerException
at testngpack.Class4.f(Class4.java:12)
at java.util.concurrent.ThreadPoolExecutor.runWorker(Unknown Source)
at java.util.concurrent.ThreadPoolExecutor$Worker.run(Unknown Source)
at java.lang.Thread.run(Unknown Source)
... Removed 12 stack frames]]>
    </failure>
  </testcase> <!-- f -->
  <testcase name="OpenChrome" time="0.009" classname="testngpack.Class1">
    <failure type="java.lang.NullPointerException">
      <![CDATA[java.lang.NullPointerException
at testngpack.Class1.OpenChrome(Class1.java:12)
at java.util.concurrent.ThreadPoolExecutor.runWorker(Unknown Source)
at java.util.concurrent.ThreadPoolExecutor$Worker.run(Unknown Source)
at java.lang.Thread.run(Unknown Source)
... Removed 12 stack frames]]>
    </failure>
  </testcase> <!-- OpenChrome -->
  <testcase name="f" time="0.009" classname="testngpack.Class2">
    <failure type="java.lang.NullPointerException">
      <![CDATA[java.lang.NullPointerException
at testngpack.Class2.f(Class2.java:12)
at java.util.concurrent.ThreadPoolExecutor.runWorker(Unknown Source)
at java.util.concurrent.ThreadPoolExecutor$Worker.run(Unknown Source)
at java.lang.Thread.run(Unknown Source)
... Removed 12 stack frames]]>
    </failure>
  </testcase> <!-- f -->
</testsuite> <!-- Testparallelclass -->
